Performing C SOURCE FILE Test CMAKE_HAVE_LIBC_PTHREAD failed with the following output:
Change Dir: /home/wego/Auto-Race/build/CMakeFiles/CMakeTmp

Run Build Command(s):/usr/bin/make cmTC_674ea/fast && /usr/bin/make -f CMakeFiles/cmTC_674ea.dir/build.make CMakeFiles/cmTC_674ea.dir/build
make[1]: Entering directory '/home/wego/Auto-Race/build/CMakeFiles/CMakeTmp'
Building C object CMakeFiles/cmTC_674ea.dir/src.c.o
/usr/bin/cc   -DCMAKE_HAVE_LIBC_PTHREAD   -o CMakeFiles/cmTC_674ea.dir/src.c.o   -c /home/wego/Auto-Race/build/CMakeFiles/CMakeTmp/src.c
Linking C executable cmTC_674ea
/usr/bin/cmake -E cmake_link_script CMakeFiles/cmTC_674ea.dir/link.txt --verbose=1
/usr/bin/cc  -DCMAKE_HAVE_LIBC_PTHREAD    -rdynamic CMakeFiles/cmTC_674ea.dir/src.c.o  -o cmTC_674ea 
/usr/bin/ld: CMakeFiles/cmTC_674ea.dir/src.c.o: in function `main':
src.c:(.text+0x46): undefined reference to `pthread_create'
/usr/bin/ld: src.c:(.text+0x52): undefined reference to `pthread_detach'
/usr/bin/ld: src.c:(.text+0x63): undefined reference to `pthread_join'
collect2: error: ld returned 1 exit status
make[1]: *** [CMakeFiles/cmTC_674ea.dir/build.make:87: cmTC_674ea] Error 1
make[1]: Leaving directory '/home/wego/Auto-Race/build/CMakeFiles/CMakeTmp'
make: *** [Makefile:121: cmTC_674ea/fast] Error 2


Source file was:
#include <pthread.h>

void* test_func(void* data)
{
  return data;
}

int main(void)
{
  pthread_t thread;
  pthread_create(&thread, NULL, test_func, NULL);
  pthread_detach(thread);
  pthread_join(thread, NULL);
  pthread_atfork(NULL, NULL, NULL);
  pthread_exit(NULL);

  return 0;
}

Determining if the function pthread_create exists in the pthreads failed with the following output:
Change Dir: /home/wego/Auto-Race/build/CMakeFiles/CMakeTmp

Run Build Command(s):/usr/bin/make cmTC_c4b14/fast && /usr/bin/make -f CMakeFiles/cmTC_c4b14.dir/build.make CMakeFiles/cmTC_c4b14.dir/build
make[1]: Entering directory '/home/wego/Auto-Race/build/CMakeFiles/CMakeTmp'
Building C object CMakeFiles/cmTC_c4b14.dir/CheckFunctionExists.c.o
/usr/bin/cc   -DCHECK_FUNCTION_EXISTS=pthread_create   -o CMakeFiles/cmTC_c4b14.dir/CheckFunctionExists.c.o   -c /usr/share/cmake-3.16/Modules/CheckFunctionExists.c
Linking C executable cmTC_c4b14
/usr/bin/cmake -E cmake_link_script CMakeFiles/cmTC_c4b14.dir/link.txt --verbose=1
/usr/bin/cc  -DCHECK_FUNCTION_EXISTS=pthread_create    -rdynamic CMakeFiles/cmTC_c4b14.dir/CheckFunctionExists.c.o  -o cmTC_c4b14  -lpthreads 
/usr/bin/ld: cannot find -lpthreads
collect2: error: ld returned 1 exit status
make[1]: *** [CMakeFiles/cmTC_c4b14.dir/build.make:87: cmTC_c4b14] Error 1
make[1]: Leaving directory '/home/wego/Auto-Race/build/CMakeFiles/CMakeTmp'
make: *** [Makefile:121: cmTC_c4b14/fast] Error 2



Determining if the function sgemm_ exists failed with the following output:
Change Dir: /home/wego/Auto-Race/build/CMakeFiles/CMakeTmp

Run Build Command(s):/usr/bin/make cmTC_67306/fast && /usr/bin/make -f CMakeFiles/cmTC_67306.dir/build.make CMakeFiles/cmTC_67306.dir/build
make[1]: Entering directory '/home/wego/Auto-Race/build/CMakeFiles/CMakeTmp'
Building C object CMakeFiles/cmTC_67306.dir/CheckFunctionExists.c.o
/usr/bin/cc   -DCHECK_FUNCTION_EXISTS=sgemm_   -o CMakeFiles/cmTC_67306.dir/CheckFunctionExists.c.o   -c /usr/share/cmake-3.16/Modules/CheckFunctionExists.c
Linking C executable cmTC_67306
/usr/bin/cmake -E cmake_link_script CMakeFiles/cmTC_67306.dir/link.txt --verbose=1
/usr/bin/cc  -DCHECK_FUNCTION_EXISTS=sgemm_    -rdynamic CMakeFiles/cmTC_67306.dir/CheckFunctionExists.c.o  -o cmTC_67306 
/usr/bin/ld: CMakeFiles/cmTC_67306.dir/CheckFunctionExists.c.o: in function `main':
CheckFunctionExists.c:(.text+0x14): undefined reference to `sgemm_'
collect2: error: ld returned 1 exit status
make[1]: *** [CMakeFiles/cmTC_67306.dir/build.make:87: cmTC_67306] Error 1
make[1]: Leaving directory '/home/wego/Auto-Race/build/CMakeFiles/CMakeTmp'
make: *** [Makefile:121: cmTC_67306/fast] Error 2



Determining if the function cheev_ exists failed with the following output:
Change Dir: /home/wego/Auto-Race/build/CMakeFiles/CMakeTmp

Run Build Command(s):/usr/bin/make cmTC_ac8ff/fast && /usr/bin/make -f CMakeFiles/cmTC_ac8ff.dir/build.make CMakeFiles/cmTC_ac8ff.dir/build
make[1]: Entering directory '/home/wego/Auto-Race/build/CMakeFiles/CMakeTmp'
Building C object CMakeFiles/cmTC_ac8ff.dir/CheckFunctionExists.c.o
/usr/bin/cc   -DCHECK_FUNCTION_EXISTS=cheev_   -o CMakeFiles/cmTC_ac8ff.dir/CheckFunctionExists.c.o   -c /usr/share/cmake-3.16/Modules/CheckFunctionExists.c
Linking C executable cmTC_ac8ff
/usr/bin/cmake -E cmake_link_script CMakeFiles/cmTC_ac8ff.dir/link.txt --verbose=1
/usr/bin/cc  -DCHECK_FUNCTION_EXISTS=cheev_    -rdynamic CMakeFiles/cmTC_ac8ff.dir/CheckFunctionExists.c.o  -o cmTC_ac8ff  /usr/lib/x86_64-linux-gnu/libblas.so 
/usr/bin/ld: CMakeFiles/cmTC_ac8ff.dir/CheckFunctionExists.c.o: in function `main':
CheckFunctionExists.c:(.text+0x14): undefined reference to `cheev_'
collect2: error: ld returned 1 exit status
make[1]: *** [CMakeFiles/cmTC_ac8ff.dir/build.make:88: cmTC_ac8ff] Error 1
make[1]: Leaving directory '/home/wego/Auto-Race/build/CMakeFiles/CMakeTmp'
make: *** [Makefile:121: cmTC_ac8ff/fast] Error 2



